  AllegroInitializer.cpp
C:\Users\willb\Documents\College Files\Spring 2022\GPR250\Box and Pottmeyer\Box and Pottmeyer Final\AllegroInitializer.h(1,10): fatal error C1083: Cannot open include file: 'allegro5/allegro_font.h': No such file or directory
  Animation.cpp
C:\Users\willb\Documents\College Files\Spring 2022\GPR250\Box and Pottmeyer\Box and Pottmeyer Final\Animation.h(1,10): fatal error C1083: Cannot open include file: 'Trackable.h': No such file or directory
  CollisionEvent.cpp
C:\Users\willb\Documents\College Files\Spring 2022\GPR250\Box and Pottmeyer\Box and Pottmeyer Final\Event.h(4,10): fatal error C1083: Cannot open include file: 'trackable.h': No such file or directory
  Color.cpp
C:\Users\willb\Documents\College Files\Spring 2022\GPR250\Box and Pottmeyer\Box and Pottmeyer Final\Color.h(1,10): fatal error C1083: Cannot open include file: 'SDL.h': No such file or directory
  Event.cpp
C:\Users\willb\Documents\College Files\Spring 2022\GPR250\Box and Pottmeyer\Box and Pottmeyer Final\Event.h(4,10): fatal error C1083: Cannot open include file: 'trackable.h': No such file or directory
  Font.cpp
C:\Users\willb\Documents\College Files\Spring 2022\GPR250\Box and Pottmeyer\Box and Pottmeyer Final\Font.h(1,10): fatal error C1083: Cannot open include file: 'allegro5/allegro.h': No such file or directory
  Food.cpp
C:\Users\willb\Documents\College Files\Spring 2022\GPR250\Box and Pottmeyer\Box and Pottmeyer Final\Unit.h(1,10): fatal error C1083: Cannot open include file: 'Trackable.h': No such file or directory
  Fruit.cpp
  Game.cpp
C:\Users\willb\Documents\College Files\Spring 2022\GPR250\Box and Pottmeyer\Box and Pottmeyer Final\Game.h(1,10): fatal error C1083: Cannot open include file: 'Trackable.h': No such file or directory
  GameEvents.cpp
C:\Users\willb\Documents\College Files\Spring 2022\GPR250\Box and Pottmeyer\Box and Pottmeyer Final\Event.h(4,10): fatal error C1083: Cannot open include file: 'trackable.h': No such file or directory
  GameListener.cpp
C:\Users\willb\Documents\College Files\Spring 2022\GPR250\Box and Pottmeyer\Box and Pottmeyer Final\GameListener.h(1,10): fatal error C1083: Cannot open include file: 'EventListener.h': No such file or directory
  GraphicsBuffer.cpp
C:\Users\willb\Documents\College Files\Spring 2022\GPR250\Box and Pottmeyer\Box and Pottmeyer Final\GraphicsBuffer.h(2,10): fatal error C1083: Cannot open include file: 'SDL.h': No such file or directory
  GraphicsBufferManager.cpp
C:\Users\willb\Documents\College Files\Spring 2022\GPR250\Box and Pottmeyer\Box and Pottmeyer Final\GraphicsBufferManager.h(2,10): fatal error C1083: Cannot open include file: 'Trackable.h': No such file or directory
  GraphicsSystem.cpp
C:\Users\willb\Documents\College Files\Spring 2022\GPR250\Box and Pottmeyer\Box and Pottmeyer Final\GraphicsSystem.h(1,10): fatal error C1083: Cannot open include file: 'allegro5/allegro.h': No such file or directory
  HeadsUpDisplay.cpp
  InputEvent.cpp
C:\Users\willb\Documents\College Files\Spring 2022\GPR250\Box and Pottmeyer\Box and Pottmeyer Final\Event.h(4,10): fatal error C1083: Cannot open include file: 'trackable.h': No such file or directory
  InputSystem.cpp
C:\Users\willb\Documents\College Files\Spring 2022\GPR250\Box and Pottmeyer\Box and Pottmeyer Final\InputSystem.h(1,10): fatal error C1083: Cannot open include file: 'EventSystem.h': No such file or directory
  KeyboardInputEvent.cpp
  LevelEvents.cpp
C:\Users\willb\Documents\College Files\Spring 2022\GPR250\Box and Pottmeyer\Box and Pottmeyer Final\Event.h(4,10): fatal error C1083: Cannot open include file: 'trackable.h': No such file or directory
  LevelLoader.cpp
C:\Users\willb\Documents\College Files\Spring 2022\GPR250\Box and Pottmeyer\Box and Pottmeyer Final\GraphicsBuffer.h(2,10): fatal error C1083: Cannot open include file: 'SDL.h': No such file or directory
  Generating Code...
  Compiling...
  main.cpp
C:\Users\willb\Documents\College Files\Spring 2022\GPR250\Box and Pottmeyer\Box and Pottmeyer Final\main.cpp(8,10): fatal error C1083: Cannot open include file: 'SDL.h': No such file or directory
  MoveEvent.cpp
C:\Users\willb\Documents\College Files\Spring 2022\GPR250\Box and Pottmeyer\Box and Pottmeyer Final\Event.h(4,10): fatal error C1083: Cannot open include file: 'trackable.h': No such file or directory
  PickUpManager.cpp
C:\Users\willb\Documents\College Files\Spring 2022\GPR250\Box and Pottmeyer\Box and Pottmeyer Final\UnitManager.h(2,10): fatal error C1083: Cannot open include file: 'Trackable.h': No such file or directory
  PowerDown.cpp
C:\Users\willb\Documents\College Files\Spring 2022\GPR250\Box and Pottmeyer\Box and Pottmeyer Final\Unit.h(1,10): fatal error C1083: Cannot open include file: 'Trackable.h': No such file or directory
  PowerUp.cpp
C:\Users\willb\Documents\College Files\Spring 2022\GPR250\Box and Pottmeyer\Box and Pottmeyer Final\Unit.h(1,10): fatal error C1083: Cannot open include file: 'Trackable.h': No such file or directory
  Snake.cpp
C:\Users\willb\Documents\College Files\Spring 2022\GPR250\Box and Pottmeyer\Box and Pottmeyer Final\UnitManager.h(2,10): fatal error C1083: Cannot open include file: 'Trackable.h': No such file or directory
  SnakeEvent.cpp
C:\Users\willb\Documents\College Files\Spring 2022\GPR250\Box and Pottmeyer\Box and Pottmeyer Final\Event.h(4,10): fatal error C1083: Cannot open include file: 'trackable.h': No such file or directory
  SnakeSegment.cpp
C:\Users\willb\Documents\College Files\Spring 2022\GPR250\Box and Pottmeyer\Box and Pottmeyer Final\Unit.h(1,10): fatal error C1083: Cannot open include file: 'Trackable.h': No such file or directory
  Sprite.cpp
C:\Users\willb\Documents\College Files\Spring 2022\GPR250\Box and Pottmeyer\Box and Pottmeyer Final\GraphicsBuffer.h(2,10): fatal error C1083: Cannot open include file: 'SDL.h': No such file or directory
  Unit.cpp
C:\Users\willb\Documents\College Files\Spring 2022\GPR250\Box and Pottmeyer\Box and Pottmeyer Final\Unit.h(1,10): fatal error C1083: Cannot open include file: 'Trackable.h': No such file or directory
  UnitManager.cpp
C:\Users\willb\Documents\College Files\Spring 2022\GPR250\Box and Pottmeyer\Box and Pottmeyer Final\UnitManager.h(2,10): fatal error C1083: Cannot open include file: 'Trackable.h': No such file or directory
  Wall.cpp
C:\Users\willb\Documents\College Files\Spring 2022\GPR250\Box and Pottmeyer\Box and Pottmeyer Final\Unit.h(1,10): fatal error C1083: Cannot open include file: 'Trackable.h': No such file or directory
  Generating Code...
